[INFO]	2011-05-24 13:20:21: Create directory(s): /home/bradleyd/Archives
[INFO]	2011-05-24 14:47:48: Create directory(s): /home/bradleyd/Archives
[INFO]	2011-05-24 15:00:26: Cleaned up file(s): /home/bradleyd/cporg.c
[INFO]	2011-05-24 15:00:26: Cleaned up file(s): /home/bradleyd/testme.rb
[INFO]	2011-05-24 15:00:26: Cleaned up file(s): /home/bradleyd/test.doc
[INFO]	2011-05-24 15:00:26: Cleaned up file(s): /home/bradleyd/Firefox_wallpaper.png
[INFO]	2011-05-24 15:00:53: Cleaned up file(s): /home/bradleyd/cporg.c
[INFO]	2011-05-24 15:00:53: Cleaned up file(s): /home/bradleyd/testme.rb
[INFO]	2011-05-24 15:00:53: Cleaned up file(s): /home/bradleyd/test.doc
[INFO]	2011-05-24 15:00:53: Cleaned up file(s): /home/bradleyd/Firefox_wallpaper.png
[INFO]	2011-05-24 15:02:00: Cleaned up file(s): /home/bradleyd/cporg.c to /home/bradleyd/Code/c
[INFO]	2011-05-24 15:02:00: Cleaned up file(s): /home/bradleyd/testme.rb to /home/bradleyd/Code/ruby
[INFO]	2011-05-24 15:02:00: Cleaned up file(s): /home/bradleyd/test.doc to /home/bradleyd/Documents/doc
[INFO]	2011-05-24 15:02:00: Cleaned up file(s): /home/bradleyd/Firefox_wallpaper.png to /home/bradleyd/Pictures/png
[INFO]	2011-05-24 15:42:36: Cleaned up file(s): /home/bradleyd/cporg.c to /home/bradleyd/Code/c
[INFO]	2011-05-24 15:42:36: Cleaned up file(s): /home/bradleyd/testme.rb to /home/bradleyd/Code/ruby
[INFO]	2011-05-24 15:42:36: Cleaned up file(s): /home/bradleyd/test.doc to /home/bradleyd/Documents/doc
[INFO]	2011-05-24 15:42:36: Cleaned up file(s): /home/bradleyd/Firefox_wallpaper.png to /home/bradleyd/Pictures/png
[INFO]	2011-05-24 15:42:59: Cleaned up file(s): /home/bradleyd/cporg.c to /home/bradleyd/Code/c
[INFO]	2011-05-24 15:42:59: Cleaned up file(s): /home/bradleyd/testme.rb to /home/bradleyd/Code/ruby
[INFO]	2011-05-24 15:42:59: Cleaned up file(s): /home/bradleyd/test.doc to /home/bradleyd/Documents/doc
[INFO]	2011-05-24 15:42:59: Cleaned up file(s): /home/bradleyd/Firefox_wallpaper.png to /home/bradleyd/Pictures/png
[INFO]	2011-05-24 15:45:44: Cleaned up file(s): /home/bradleyd/cporg.c to /home/bradleyd/Code/c
[INFO]	2011-05-24 15:45:44: Cleaned up file(s): /home/bradleyd/testme.rb to /home/bradleyd/Code/ruby
[INFO]	2011-05-24 15:45:44: Cleaned up file(s): /home/bradleyd/test.doc to /home/bradleyd/Documents/doc
[INFO]	2011-05-24 15:45:44: Cleaned up file(s): /home/bradleyd/Firefox_wallpaper.png to /home/bradleyd/Pictures/png
